<?xml version="1.0" encoding="UTF-8"?>
<testng-results skipped="0" failed="0" total="1" passed="1">
  <reporter-output>
  </reporter-output>
  <suite name="Command line suite" duration-ms="8176" started-at="2016-08-22T22:02:22Z" finished-at="2016-08-22T22:02:31Z">
    <groups>
    </groups>
    <test name="Command line test" duration-ms="8176" started-at="2016-08-22T22:02:22Z" finished-at="2016-08-22T22:02:31Z">
      <class name="seleniumPracticeMaven.SmokeTest">
        <test-method status="PASS" signature="beforeClass()[pri:0, instance:seleniumPracticeMaven.SmokeTest@5315b42e]" name="beforeClass" is-config="true" duration-ms="5124" started-at="2016-08-22T15:02:22Z" finished-at="2016-08-22T15:02:28Z">
          <reporter-output>
          </reporter-output>
        </test-method> <!-- beforeClass -->
        <test-method status="PASS" signature="verifyHomePage()[pri:0, instance:seleniumPracticeMaven.SmokeTest@5315b42e]" name="verifyHomePage" duration-ms="32" started-at="2016-08-22T15:02:28Z" finished-at="2016-08-22T15:02:28Z">
          <reporter-output>
          </reporter-output>
        </test-method> <!-- verifyHomePage -->
        <test-method status="PASS" signature="afterClass()[pri:0, instance:seleniumPracticeMaven.SmokeTest@5315b42e]" name="afterClass" is-config="true" duration-ms="3008" started-at="2016-08-22T15:02:28Z" finished-at="2016-08-22T15:02:31Z">
          <reporter-output>
          </reporter-output>
        </test-method> <!-- afterClass -->
      </class> <!-- seleniumPracticeMaven.SmokeTest -->
    </test> <!-- Command line test -->
  </suite> <!-- Command line suite -->
</testng-results>
